d:\gamedx\gamedx\gamedx\debug\vc120.pdb
d:\gamedx\gamedx\gamedx\debug\vc120.idb
d:\gamedx\gamedx\gamedx\debug\scenemanager.obj
d:\gamedx\gamedx\gamedx\debug\informationresource.obj
d:\gamedx\gamedx\gamedx\debug\sprite.obj
d:\gamedx\gamedx\gamedx\debug\text.obj
d:\gamedx\gamedx\gamedx\debug\timer.obj
d:\gamedx\gamedx\gamedx\debug\quadnode.obj
d:\gamedx\gamedx\gamedx\debug\polygon.obj
d:\gamedx\gamedx\gamedx\debug\camera.obj
d:\gamedx\gamedx\gamedx\debug\keyboard.obj
d:\gamedx\gamedx\gamedx\debug\baseentity.obj
d:\gamedx\gamedx\gamedx\debug\movableentity.obj
d:\gamedx\gamedx\gamedx\debug\box2d.obj
d:\gamedx\gamedx\gamedx\debug\collision.obj
d:\gamedx\gamedx\gamedx\debug\staticentity.obj
d:\gamedx\gamedx\gamedx\debug\tile.obj
d:\gamedx\gamedx\gamedx\debug\windows.obj
d:\gamedx\gamedx\gamedx\debug\player.obj
d:\gamedx\gamedx\gamedx\debug\game.obj
d:\gamedx\gamedx\gamedx\debug\playscene.obj
d:\gamedx\gamedx\gamedx\debug\selectstagescene.obj
d:\gamedx\gamedx\gamedx\debug\test.obj
d:\gamedx\gamedx\gamedx\debug\winmain.obj
d:\gamedx\gamedx\gamedx\debug\quadtree.obj
d:\gamedx\gamedx\gamedx\debug\gameoverscene.obj
d:\gamedx\gamedx\gamedx\debug\introstagescene.obj
d:\gamedx\gamedx\gamedx\debug\menuscene.obj
d:\gamedx\gamedx\gamedx\debug\popupscene.obj
d:\gamedx\gamedx\gamedx\debug\mapmanager.obj
d:\gamedx\gamedx\debug\gamedx.ilk
d:\gamedx\gamedx\debug\gamedx.exe
d:\gamedx\gamedx\debug\gamedx.pdb
d:\gamedx\gamedx\gamedx\debug\gamedx.tlog\cl.command.1.tlog
d:\gamedx\gamedx\gamedx\debug\gamedx.tlog\cl.read.1.tlog
d:\gamedx\gamedx\gamedx\debug\gamedx.tlog\cl.write.1.tlog
d:\gamedx\gamedx\gamedx\debug\gamedx.tlog\link.command.1.tlog
d:\gamedx\gamedx\gamedx\debug\gamedx.tlog\link.read.1.tlog
d:\gamedx\gamedx\gamedx\debug\gamedx.tlog\link.write.1.tlog
